{"/Users/napraga/dev/pruebas/clinicsay/backend/src/app.controller.ts": {"path":"/Users/napraga/dev/pruebas/clinicsay/backend/src/app.controller.ts","statementMap":{"0":{"start":{"line":1,"column":0},"end":{"line":1,"column":49}},"1":{"start":{"line":2,"column":0},"end":{"line":2,"column":43}},"2":{"start":{"line":5,"column":7},"end":{"line":12,"column":null}},"3":{"start":{"line":6,"column":31},"end":{"line":6,"column":43}},"4":{"start":{"line":10,"column":4},"end":{"line":10,"column":38}},"5":{"start":{"line":5,"column":13},"end":{"line":5,"column":26}},"6":{"start":{"line":9,"column":2},"end":{"line":11,"column":null}},"7":{"start":{"line":5,"column":13},"end":{"line":12,"column":null}}},"fnMap":{"0":{"name":"(anonymous_2)","decl":{"start":{"line":6,"column":2},"end":{"line":6,"column":31}},"loc":{"start":{"line":6,"column":53},"end":{"line":6,"column":57}}},"1":{"name":"(anonymous_3)","decl":{"start":{"line":9,"column":2},"end":{"line":9,"column":10}},"loc":{"start":{"line":9,"column":10},"end":{"line":11,"column":3}}}},"branchMap":{"0":{"loc":{"start":{"line":6,"column":43},"end":{"line":6,"column":56}},"type":"cond-expr","locations":[{"start":{"line":6,"column":53},"end":{"line":6,"column":56}},{"start":{"line":6,"column":53},"end":{"line":6,"column":56}}]},"1":{"loc":{"start":{"line":6,"column":43},"end":{"line":6,"column":53}},"type":"binary-expr","locations":[{"start":{"line":6,"column":43},"end":{"line":6,"column":56}},{"start":{"line":6,"column":43},"end":{"line":6,"column":53}}]}},"s":{"0":1,"1":1,"2":1,"3":1,"4":1,"5":1,"6":1,"7":1},"f":{"0":1,"1":1},"b":{"0":[1,0],"1":[1,1]}}
,"/Users/napraga/dev/pruebas/clinicsay/backend/src/app.module.ts": {"path":"/Users/napraga/dev/pruebas/clinicsay/backend/src/app.module.ts","statementMap":{"0":{"start":{"line":1,"column":0},"end":{"line":1,"column":40}},"1":{"start":{"line":2,"column":0},"end":{"line":2,"column":49}},"2":{"start":{"line":3,"column":0},"end":{"line":3,"column":43}},"3":{"start":{"line":4,"column":0},"end":{"line":4,"column":54}},"4":{"start":{"line":5,"column":0},"end":{"line":5,"column":78}},"5":{"start":{"line":12,"column":7},"end":{"line":12,"column":null}},"6":{"start":{"line":12,"column":13},"end":{"line":12,"column":22}},"7":{"start":{"line":12,"column":13},"end":{"line":12,"column":null}}},"fnMap":{},"branchMap":{},"s":{"0":0,"1":0,"2":0,"3":0,"4":0,"5":0,"6":0,"7":0},"f":{},"b":{}}
,"/Users/napraga/dev/pruebas/clinicsay/backend/src/app.service.ts": {"path":"/Users/napraga/dev/pruebas/clinicsay/backend/src/app.service.ts","statementMap":{"0":{"start":{"line":1,"column":0},"end":{"line":1,"column":44}},"1":{"start":{"line":4,"column":7},"end":{"line":8,"column":null}},"2":{"start":{"line":6,"column":4},"end":{"line":6,"column":26}},"3":{"start":{"line":4,"column":13},"end":{"line":4,"column":23}},"4":{"start":{"line":4,"column":13},"end":{"line":8,"column":null}}},"fnMap":{"0":{"name":"(anonymous_1)","decl":{"start":{"line":5,"column":2},"end":{"line":5,"column":10}},"loc":{"start":{"line":5,"column":10},"end":{"line":7,"column":3}}}},"branchMap":{},"s":{"0":1,"1":1,"2":1,"3":1,"4":1},"f":{"0":1},"b":{}}
,"/Users/napraga/dev/pruebas/clinicsay/backend/src/main.ts": {"path":"/Users/napraga/dev/pruebas/clinicsay/backend/src/main.ts","statementMap":{"0":{"start":{"line":1,"column":0},"end":{"line":1,"column":43}},"1":{"start":{"line":2,"column":0},"end":{"line":2,"column":48}},"2":{"start":{"line":3,"column":0},"end":{"line":3,"column":41}},"3":{"start":{"line":6,"column":14},"end":{"line":6,"column":49}},"4":{"start":{"line":8,"column":2},"end":{"line":14,"column":4}},"5":{"start":{"line":16,"column":2},"end":{"line":18,"column":5}},"6":{"start":{"line":20,"column":2},"end":{"line":20,"column":25}},"7":{"start":{"line":23,"column":0},"end":{"line":23,"column":12}}},"fnMap":{"0":{"name":"bootstrap","decl":{"start":{"line":5,"column":15},"end":{"line":5,"column":24}},"loc":{"start":{"line":5,"column":24},"end":{"line":21,"column":1}}}},"branchMap":{},"s":{"0":0,"1":0,"2":0,"3":0,"4":0,"5":0,"6":0,"7":0},"f":{"0":0},"b":{}}
,"/Users/napraga/dev/pruebas/clinicsay/backend/src/patients/alerts/patient-alerts.module.ts": {"path":"/Users/napraga/dev/pruebas/clinicsay/backend/src/patients/alerts/patient-alerts.module.ts","statementMap":{"0":{"start":{"line":1,"column":0},"end":{"line":1,"column":40}},"1":{"start":{"line":2,"column":0},"end":{"line":2,"column":74}},"2":{"start":{"line":3,"column":0},"end":{"line":3,"column":79}},"3":{"start":{"line":4,"column":0},"end":{"line":4,"column":83}},"4":{"start":{"line":5,"column":0},"end":{"line":5,"column":83}},"5":{"start":{"line":6,"column":0},"end":{"line":6,"column":83}},"6":{"start":{"line":7,"column":0},"end":{"line":7,"column":81}},"7":{"start":{"line":8,"column":0},"end":{"line":8,"column":71}},"8":{"start":{"line":26,"column":7},"end":{"line":26,"column":null}},"9":{"start":{"line":26,"column":13},"end":{"line":26,"column":32}},"10":{"start":{"line":26,"column":13},"end":{"line":26,"column":null}}},"fnMap":{},"branchMap":{},"s":{"0":0,"1":0,"2":0,"3":0,"4":0,"5":0,"6":0,"7":0,"8":0,"9":0,"10":0},"f":{},"b":{}}
,"/Users/napraga/dev/pruebas/clinicsay/backend/src/patients/alerts/api/patient-alerts.controller.ts": {"path":"/Users/napraga/dev/pruebas/clinicsay/backend/src/patients/alerts/api/patient-alerts.controller.ts","statementMap":{"0":{"start":{"line":1,"column":0},"end":{"line":1,"column":null}},"1":{"start":{"line":16,"column":0},"end":{"line":16,"column":80}},"2":{"start":{"line":17,"column":0},"end":{"line":17,"column":84}},"3":{"start":{"line":18,"column":0},"end":{"line":18,"column":84}},"4":{"start":{"line":19,"column":0},"end":{"line":19,"column":84}},"5":{"start":{"line":20,"column":0},"end":{"line":20,"column":56}},"6":{"start":{"line":21,"column":0},"end":{"line":21,"column":56}},"7":{"start":{"line":22,"column":0},"end":{"line":22,"column":60}},"8":{"start":{"line":23,"column":0},"end":{"line":23,"column":77}},"9":{"start":{"line":24,"column":0},"end":{"line":24,"column":76}},"10":{"start":{"line":27,"column":7},"end":{"line":97,"column":null}},"11":{"start":{"line":29,"column":25},"end":{"line":29,"column":36}},"12":{"start":{"line":30,"column":25},"end":{"line":30,"column":38}},"13":{"start":{"line":31,"column":25},"end":{"line":31,"column":38}},"14":{"start":{"line":32,"column":25},"end":{"line":32,"column":38}},"15":{"start":{"line":40,"column":23},"end":{"line":40,"column":62}},"16":{"start":{"line":41,"column":8},"end":{"line":41,"column":55}},"17":{"start":{"line":51,"column":8},"end":{"line":59,"column":9}},"18":{"start":{"line":52,"column":26},"end":{"line":52,"column":79}},"19":{"start":{"line":53,"column":12},"end":{"line":53,"column":54}},"20":{"start":{"line":55,"column":12},"end":{"line":57,"column":13}},"21":{"start":{"line":56,"column":16},"end":{"line":56,"column":55}},"22":{"start":{"line":58,"column":12},"end":{"line":58,"column":20}},"23":{"start":{"line":68,"column":8},"end":{"line":79,"column":9}},"24":{"start":{"line":69,"column":26},"end":{"line":69,"column":77}},"25":{"start":{"line":70,"column":12},"end":{"line":70,"column":54}},"26":{"start":{"line":72,"column":12},"end":{"line":74,"column":13}},"27":{"start":{"line":73,"column":16},"end":{"line":73,"column":55}},"28":{"start":{"line":75,"column":12},"end":{"line":77,"column":13}},"29":{"start":{"line":76,"column":16},"end":{"line":76,"column":55}},"30":{"start":{"line":78,"column":12},"end":{"line":78,"column":20}},"31":{"start":{"line":88,"column":8},"end":{"line":95,"column":9}},"32":{"start":{"line":89,"column":12},"end":{"line":89,"column":52}},"33":{"start":{"line":91,"column":12},"end":{"line":93,"column":13}},"34":{"start":{"line":92,"column":16},"end":{"line":92,"column":55}},"35":{"start":{"line":94,"column":12},"end":{"line":94,"column":20}},"36":{"start":{"line":27,"column":13},"end":{"line":27,"column":36}},"37":{"start":{"line":37,"column":10},"end":{"line":42,"column":null}},"38":{"start":{"line":47,"column":10},"end":{"line":60,"column":null}},"39":{"start":{"line":64,"column":10},"end":{"line":80,"column":null}},"40":{"start":{"line":85,"column":10},"end":{"line":96,"column":null}},"41":{"start":{"line":27,"column":13},"end":{"line":97,"column":null}}},"fnMap":{"0":{"name":"(anonymous_4)","decl":{"start":{"line":28,"column":4},"end":{"line":28,"column":null}},"loc":{"start":{"line":32,"column":56},"end":{"line":33,"column":9}}},"1":{"name":"(anonymous_5)","decl":{"start":{"line":37,"column":10},"end":{"line":37,"column":17}},"loc":{"start":{"line":38,"column":60},"end":{"line":42,"column":5}}},"2":{"name":"(anonymous_6)","decl":{"start":{"line":47,"column":10},"end":{"line":47,"column":16}},"loc":{"start":{"line":49,"column":35},"end":{"line":60,"column":5}}},"3":{"name":"(anonymous_7)","decl":{"start":{"line":64,"column":10},"end":{"line":64,"column":16}},"loc":{"start":{"line":66,"column":35},"end":{"line":80,"column":5}}},"4":{"name":"(anonymous_8)","decl":{"start":{"line":85,"column":10},"end":{"line":85,"column":16}},"loc":{"start":{"line":86,"column":56},"end":{"line":96,"column":5}}}},"branchMap":{"0":{"loc":{"start":{"line":55,"column":12},"end":{"line":57,"column":13}},"type":"if","locations":[{"start":{"line":55,"column":12},"end":{"line":57,"column":13}},{"start":{},"end":{}}]},"1":{"loc":{"start":{"line":72,"column":12},"end":{"line":74,"column":13}},"type":"if","locations":[{"start":{"line":72,"column":12},"end":{"line":74,"column":13}},{"start":{},"end":{}}]},"2":{"loc":{"start":{"line":75,"column":12},"end":{"line":77,"column":13}},"type":"if","locations":[{"start":{"line":75,"column":12},"end":{"line":77,"column":13}},{"start":{},"end":{}}]},"3":{"loc":{"start":{"line":91,"column":12},"end":{"line":93,"column":13}},"type":"if","locations":[{"start":{"line":91,"column":12},"end":{"line":93,"column":13}},{"start":{},"end":{}}]},"4":{"loc":{"start":{"line":39,"column":7},"end":{"line":39,"column":null}},"type":"cond-expr","locations":[{"start":{"line":39,"column":14},"end":{"line":39,"column":null}},{"start":{"line":39,"column":14},"end":{"line":39,"column":null}}]},"5":{"loc":{"start":{"line":39,"column":7},"end":{"line":39,"column":14}},"type":"binary-expr","locations":[{"start":{"line":39,"column":7},"end":{"line":39,"column":null}},{"start":{"line":39,"column":7},"end":{"line":39,"column":14}}]},"6":{"loc":{"start":{"line":49,"column":21},"end":{"line":49,"column":null}},"type":"cond-expr","locations":[{"start":{"line":49,"column":35},"end":{"line":49,"column":null}},{"start":{"line":49,"column":35},"end":{"line":49,"column":null}}]},"7":{"loc":{"start":{"line":49,"column":21},"end":{"line":49,"column":35}},"type":"binary-expr","locations":[{"start":{"line":49,"column":21},"end":{"line":49,"column":null}},{"start":{"line":49,"column":21},"end":{"line":49,"column":35}}]},"8":{"loc":{"start":{"line":50,"column":7},"end":{"line":50,"column":null}},"type":"cond-expr","locations":[{"start":{"line":50,"column":14},"end":{"line":50,"column":null}},{"start":{"line":50,"column":14},"end":{"line":50,"column":null}}]},"9":{"loc":{"start":{"line":50,"column":7},"end":{"line":50,"column":14}},"type":"binary-expr","locations":[{"start":{"line":50,"column":7},"end":{"line":50,"column":null}},{"start":{"line":50,"column":7},"end":{"line":50,"column":14}}]},"10":{"loc":{"start":{"line":66,"column":21},"end":{"line":66,"column":null}},"type":"cond-expr","locations":[{"start":{"line":66,"column":35},"end":{"line":66,"column":null}},{"start":{"line":66,"column":35},"end":{"line":66,"column":null}}]},"11":{"loc":{"start":{"line":66,"column":21},"end":{"line":66,"column":35}},"type":"binary-expr","locations":[{"start":{"line":66,"column":21},"end":{"line":66,"column":null}},{"start":{"line":66,"column":21},"end":{"line":66,"column":35}}]},"12":{"loc":{"start":{"line":67,"column":7},"end":{"line":67,"column":null}},"type":"cond-expr","locations":[{"start":{"line":67,"column":14},"end":{"line":67,"column":null}},{"start":{"line":67,"column":14},"end":{"line":67,"column":null}}]},"13":{"loc":{"start":{"line":67,"column":7},"end":{"line":67,"column":14}},"type":"binary-expr","locations":[{"start":{"line":67,"column":7},"end":{"line":67,"column":null}},{"start":{"line":67,"column":7},"end":{"line":67,"column":14}}]},"14":{"loc":{"start":{"line":87,"column":7},"end":{"line":87,"column":null}},"type":"cond-expr","locations":[{"start":{"line":87,"column":14},"end":{"line":87,"column":null}},{"start":{"line":87,"column":14},"end":{"line":87,"column":null}}]},"15":{"loc":{"start":{"line":87,"column":7},"end":{"line":87,"column":14}},"type":"binary-expr","locations":[{"start":{"line":87,"column":7},"end":{"line":87,"column":null}},{"start":{"line":87,"column":7},"end":{"line":87,"column":14}}]},"16":{"loc":{"start":{"line":29,"column":36},"end":{"line":29,"column":null}},"type":"cond-expr","locations":[{"start":{"line":29,"column":52},"end":{"line":29,"column":null}},{"start":{"line":29,"column":52},"end":{"line":29,"column":null}}]},"17":{"loc":{"start":{"line":29,"column":36},"end":{"line":29,"column":52}},"type":"binary-expr","locations":[{"start":{"line":29,"column":36},"end":{"line":29,"column":null}},{"start":{"line":29,"column":36},"end":{"line":29,"column":52}}]},"18":{"loc":{"start":{"line":29,"column":52},"end":{"line":30,"column":null}},"type":"cond-expr","locations":[{"start":{"line":30,"column":56},"end":{"line":30,"column":null}},{"start":{"line":30,"column":56},"end":{"line":30,"column":null}}]},"19":{"loc":{"start":{"line":29,"column":52},"end":{"line":30,"column":56}},"type":"binary-expr","locations":[{"start":{"line":29,"column":52},"end":{"line":30,"column":null}},{"start":{"line":30,"column":38},"end":{"line":30,"column":56}}]},"20":{"loc":{"start":{"line":30,"column":56},"end":{"line":31,"column":null}},"type":"cond-expr","locations":[{"start":{"line":31,"column":56},"end":{"line":31,"column":null}},{"start":{"line":31,"column":56},"end":{"line":31,"column":null}}]},"21":{"loc":{"start":{"line":30,"column":56},"end":{"line":31,"column":56}},"type":"binary-expr","locations":[{"start":{"line":30,"column":56},"end":{"line":31,"column":null}},{"start":{"line":31,"column":38},"end":{"line":31,"column":56}}]},"22":{"loc":{"start":{"line":31,"column":56},"end":{"line":32,"column":null}},"type":"cond-expr","locations":[{"start":{"line":32,"column":56},"end":{"line":32,"column":null}},{"start":{"line":32,"column":56},"end":{"line":32,"column":null}}]},"23":{"loc":{"start":{"line":31,"column":56},"end":{"line":32,"column":56}},"type":"binary-expr","locations":[{"start":{"line":31,"column":56},"end":{"line":32,"column":null}},{"start":{"line":32,"column":38},"end":{"line":32,"column":56}}]}},"s":{"0":1,"1":1,"2":1,"3":1,"4":1,"5":1,"6":1,"7":1,"8":1,"9":1,"10":1,"11":1,"12":1,"13":1,"14":1,"15":1,"16":1,"17":2,"18":2,"19":1,"20":1,"21":1,"22":0,"23":0,"24":0,"25":0,"26":0,"27":0,"28":0,"29":0,"30":0,"31":0,"32":0,"33":0,"34":0,"35":0,"36":1,"37":1,"38":1,"39":1,"40":1,"41":1},"f":{"0":1,"1":1,"2":2,"3":0,"4":0},"b":{"0":[1,0],"1":[0,0],"2":[0,0],"3":[0,0],"4":[1,0],"5":[1,1],"6":[1,0],"7":[1,1],"8":[1,0],"9":[1,1],"10":[1,0],"11":[1,1],"12":[1,0],"13":[1,1],"14":[1,0],"15":[1,1],"16":[1,0],"17":[1,1],"18":[1,0],"19":[1,1],"20":[1,0],"21":[1,1],"22":[1,0],"23":[1,1]}}
,"/Users/napraga/dev/pruebas/clinicsay/backend/src/patients/alerts/api/dto/alert-response.dto.ts": {"path":"/Users/napraga/dev/pruebas/clinicsay/backend/src/patients/alerts/api/dto/alert-response.dto.ts","statementMap":{"0":{"start":{"line":16,"column":20},"end":{"line":16,"column":42}},"1":{"start":{"line":17,"column":8},"end":{"line":17,"column":26}},"2":{"start":{"line":18,"column":8},"end":{"line":18,"column":40}},"3":{"start":{"line":19,"column":8},"end":{"line":19,"column":30}},"4":{"start":{"line":20,"column":8},"end":{"line":20,"column":38}},"5":{"start":{"line":21,"column":8},"end":{"line":21,"column":36}},"6":{"start":{"line":22,"column":8},"end":{"line":22,"column":38}},"7":{"start":{"line":23,"column":8},"end":{"line":23,"column":54}},"8":{"start":{"line":24,"column":8},"end":{"line":24,"column":54}},"9":{"start":{"line":25,"column":8},"end":{"line":25,"column":19}},"10":{"start":{"line":5,"column":0},"end":{"line":5,"column":13}}},"fnMap":{"0":{"name":"(anonymous_0)","decl":{"start":{"line":15,"column":4},"end":{"line":15,"column":10}},"loc":{"start":{"line":15,"column":41},"end":{"line":26,"column":5}}}},"branchMap":{},"s":{"0":2,"1":2,"2":2,"3":2,"4":2,"5":2,"6":2,"7":2,"8":2,"9":2,"10":1},"f":{"0":2},"b":{}}
,"/Users/napraga/dev/pruebas/clinicsay/backend/src/patients/alerts/api/dto/create-alert.dto.ts": {"path":"/Users/napraga/dev/pruebas/clinicsay/backend/src/patients/alerts/api/dto/create-alert.dto.ts","statementMap":{"0":{"start":{"line":1,"column":0},"end":{"line":1,"column":85}},"1":{"start":{"line":2,"column":0},"end":{"line":2,"column":69}},"2":{"start":{"line":3,"column":0},"end":{"line":3,"column":66}},"3":{"start":{"line":5,"column":0},"end":{"line":5,"column":13}},"4":{"start":{"line":9,"column":4},"end":{"line":9,"column":null}},"5":{"start":{"line":14,"column":4},"end":{"line":14,"column":null}},"6":{"start":{"line":20,"column":4},"end":{"line":20,"column":null}}},"fnMap":{},"branchMap":{"0":{"loc":{"start":{"line":9,"column":10},"end":{"line":9,"column":20}},"type":"cond-expr","locations":[{"start":{"line":9,"column":19},"end":{"line":9,"column":20}},{"start":{"line":9,"column":19},"end":{"line":9,"column":20}}]},"1":{"loc":{"start":{"line":9,"column":10},"end":{"line":9,"column":19}},"type":"binary-expr","locations":[{"start":{"line":9,"column":10},"end":{"line":9,"column":20}},{"start":{"line":9,"column":10},"end":{"line":9,"column":19}}]},"2":{"loc":{"start":{"line":14,"column":14},"end":{"line":14,"column":23}},"type":"cond-expr","locations":[{"start":{"line":14,"column":22},"end":{"line":14,"column":23}},{"start":{"line":14,"column":22},"end":{"line":14,"column":23}}]},"3":{"loc":{"start":{"line":14,"column":14},"end":{"line":14,"column":22}},"type":"binary-expr","locations":[{"start":{"line":14,"column":14},"end":{"line":14,"column":23}},{"start":{"line":14,"column":14},"end":{"line":14,"column":22}}]}},"s":{"0":1,"1":1,"2":1,"3":1,"4":1,"5":1,"6":1},"f":{},"b":{"0":[0,1],"1":[1,1],"2":[0,1],"3":[1,1]}}
,"/Users/napraga/dev/pruebas/clinicsay/backend/src/patients/alerts/api/dto/update-alert.dto.ts": {"path":"/Users/napraga/dev/pruebas/clinicsay/backend/src/patients/alerts/api/dto/update-alert.dto.ts","statementMap":{"0":{"start":{"line":1,"column":0},"end":{"line":1,"column":null}},"1":{"start":{"line":9,"column":0},"end":{"line":9,"column":66}},"2":{"start":{"line":11,"column":0},"end":{"line":11,"column":13}},"3":{"start":{"line":16,"column":4},"end":{"line":16,"column":null}},"4":{"start":{"line":22,"column":4},"end":{"line":22,"column":null}},"5":{"start":{"line":26,"column":4},"end":{"line":26,"column":null}}},"fnMap":{},"branchMap":{"0":{"loc":{"start":{"line":16,"column":15},"end":{"line":16,"column":24}},"type":"cond-expr","locations":[{"start":{"line":16,"column":23},"end":{"line":16,"column":24}},{"start":{"line":16,"column":23},"end":{"line":16,"column":24}}]},"1":{"loc":{"start":{"line":16,"column":15},"end":{"line":16,"column":23}},"type":"binary-expr","locations":[{"start":{"line":16,"column":15},"end":{"line":16,"column":24}},{"start":{"line":16,"column":15},"end":{"line":16,"column":23}}]}},"s":{"0":1,"1":1,"2":1,"3":1,"4":1,"5":1},"f":{},"b":{"0":[0,1],"1":[1,1]}}
,"/Users/napraga/dev/pruebas/clinicsay/backend/src/patients/alerts/application/index.ts": {"path":"/Users/napraga/dev/pruebas/clinicsay/backend/src/patients/alerts/application/index.ts","statementMap":{"0":{"start":{"line":1,"column":0},"end":{"line":1,"column":9}},"1":{"start":{"line":1,"column":9},"end":{"line":1,"column":67}},"2":{"start":{"line":2,"column":0},"end":{"line":2,"column":9}},"3":{"start":{"line":2,"column":9},"end":{"line":2,"column":71}},"4":{"start":{"line":3,"column":0},"end":{"line":3,"column":9}},"5":{"start":{"line":3,"column":9},"end":{"line":3,"column":71}},"6":{"start":{"line":4,"column":0},"end":{"line":4,"column":9}},"7":{"start":{"line":4,"column":9},"end":{"line":4,"column":71}}},"fnMap":{"0":{"name":"(anonymous_0)","decl":{"start":{"line":1,"column":9},"end":{"line":1,"column":25}},"loc":{"start":{"line":1,"column":9},"end":{"line":1,"column":67}}},"1":{"name":"(anonymous_1)","decl":{"start":{"line":2,"column":9},"end":{"line":2,"column":27}},"loc":{"start":{"line":2,"column":9},"end":{"line":2,"column":71}}},"2":{"name":"(anonymous_2)","decl":{"start":{"line":3,"column":9},"end":{"line":3,"column":27}},"loc":{"start":{"line":3,"column":9},"end":{"line":3,"column":71}}},"3":{"name":"(anonymous_3)","decl":{"start":{"line":4,"column":9},"end":{"line":4,"column":27}},"loc":{"start":{"line":4,"column":9},"end":{"line":4,"column":71}}}},"branchMap":{},"s":{"0":0,"1":0,"2":0,"3":0,"4":0,"5":0,"6":0,"7":0},"f":{"0":0,"1":0,"2":0,"3":0},"b":{}}
,"/Users/napraga/dev/pruebas/clinicsay/backend/src/patients/alerts/application/use-cases/create-alert.use-case.ts": {"path":"/Users/napraga/dev/pruebas/clinicsay/backend/src/patients/alerts/application/use-cases/create-alert.use-case.ts","statementMap":{"0":{"start":{"line":1,"column":0},"end":{"line":1,"column":52}},"1":{"start":{"line":2,"column":0},"end":{"line":2,"column":84}},"2":{"start":{"line":3,"column":0},"end":{"line":3,"column":65}},"3":{"start":{"line":6,"column":0},"end":{"line":6,"column":80}},"4":{"start":{"line":16,"column":7},"end":{"line":44,"column":null}},"5":{"start":{"line":19,"column":25},"end":{"line":19,"column":31}},"6":{"start":{"line":24,"column":26},"end":{"line":27,"column":null}},"7":{"start":{"line":30,"column":8},"end":{"line":32,"column":9}},"8":{"start":{"line":31,"column":12},"end":{"line":31,"column":61}},"9":{"start":{"line":35,"column":22},"end":{"line":40,"column":10}},"10":{"start":{"line":42,"column":8},"end":{"line":42,"column":37}},"11":{"start":{"line":16,"column":13},"end":{"line":16,"column":31}},"12":{"start":{"line":16,"column":13},"end":{"line":44,"column":null}}},"fnMap":{"0":{"name":"(anonymous_13)","decl":{"start":{"line":17,"column":4},"end":{"line":17,"column":null}},"loc":{"start":{"line":19,"column":72},"end":{"line":20,"column":9}}},"1":{"name":"(anonymous_14)","decl":{"start":{"line":22,"column":4},"end":{"line":22,"column":9}},"loc":{"start":{"line":22,"column":45},"end":{"line":43,"column":5}}}},"branchMap":{"0":{"loc":{"start":{"line":30,"column":8},"end":{"line":32,"column":9}},"type":"if","locations":[{"start":{"line":30,"column":8},"end":{"line":32,"column":9}},{"start":{},"end":{}}]},"1":{"loc":{"start":{"line":19,"column":31},"end":{"line":19,"column":null}},"type":"cond-expr","locations":[{"start":{"line":19,"column":72},"end":{"line":19,"column":null}},{"start":{"line":19,"column":72},"end":{"line":19,"column":null}}]},"2":{"loc":{"start":{"line":19,"column":31},"end":{"line":19,"column":72}},"type":"binary-expr","locations":[{"start":{"line":19,"column":31},"end":{"line":19,"column":56}},{"start":{"line":19,"column":31},"end":{"line":19,"column":72}}]}},"s":{"0":2,"1":2,"2":2,"3":2,"4":2,"5":3,"6":3,"7":3,"8":1,"9":2,"10":2,"11":2,"12":2},"f":{"0":3,"1":3},"b":{"0":[1,2],"1":[0,2],"2":[2,2]}}
,"/Users/napraga/dev/pruebas/clinicsay/backend/src/patients/alerts/application/use-cases/delete-alert.use-case.ts": {"path":"/Users/napraga/dev/pruebas/clinicsay/backend/src/patients/alerts/application/use-cases/delete-alert.use-case.ts","statementMap":{"0":{"start":{"line":1,"column":0},"end":{"line":1,"column":52}},"1":{"start":{"line":2,"column":0},"end":{"line":2,"column":84}},"2":{"start":{"line":3,"column":0},"end":{"line":3,"column":79}},"3":{"start":{"line":6,"column":7},"end":{"line":21,"column":null}},"4":{"start":{"line":9,"column":25},"end":{"line":9,"column":31}},"5":{"start":{"line":13,"column":22},"end":{"line":13,"column":55}},"6":{"start":{"line":15,"column":8},"end":{"line":17,"column":9}},"7":{"start":{"line":16,"column":12},"end":{"line":16,"column":50}},"8":{"start":{"line":19,"column":8},"end":{"line":19,"column":40}},"9":{"start":{"line":6,"column":13},"end":{"line":6,"column":31}},"10":{"start":{"line":6,"column":13},"end":{"line":21,"column":null}}},"fnMap":{"0":{"name":"(anonymous_13)","decl":{"start":{"line":7,"column":4},"end":{"line":7,"column":null}},"loc":{"start":{"line":9,"column":72},"end":{"line":10,"column":9}}},"1":{"name":"(anonymous_14)","decl":{"start":{"line":12,"column":4},"end":{"line":12,"column":9}},"loc":{"start":{"line":12,"column":33},"end":{"line":20,"column":5}}}},"branchMap":{"0":{"loc":{"start":{"line":15,"column":8},"end":{"line":17,"column":9}},"type":"if","locations":[{"start":{"line":15,"column":8},"end":{"line":17,"column":9}},{"start":{},"end":{}}]},"1":{"loc":{"start":{"line":9,"column":31},"end":{"line":9,"column":null}},"type":"cond-expr","locations":[{"start":{"line":9,"column":72},"end":{"line":9,"column":null}},{"start":{"line":9,"column":72},"end":{"line":9,"column":null}}]},"2":{"loc":{"start":{"line":9,"column":31},"end":{"line":9,"column":72}},"type":"binary-expr","locations":[{"start":{"line":9,"column":31},"end":{"line":9,"column":56}},{"start":{"line":9,"column":31},"end":{"line":9,"column":72}}]}},"s":{"0":1,"1":1,"2":1,"3":1,"4":0,"5":0,"6":0,"7":0,"8":0,"9":1,"10":1},"f":{"0":0,"1":0},"b":{"0":[0,0],"1":[0,1],"2":[1,1]}}
,"/Users/napraga/dev/pruebas/clinicsay/backend/src/patients/alerts/application/use-cases/get-alerts.use-case.ts": {"path":"/Users/napraga/dev/pruebas/clinicsay/backend/src/patients/alerts/application/use-cases/get-alerts.use-case.ts","statementMap":{"0":{"start":{"line":1,"column":0},"end":{"line":1,"column":52}},"1":{"start":{"line":2,"column":0},"end":{"line":2,"column":84}},"2":{"start":{"line":6,"column":7},"end":{"line":16,"column":null}},"3":{"start":{"line":9,"column":25},"end":{"line":9,"column":31}},"4":{"start":{"line":13,"column":8},"end":{"line":13,"column":50}},"5":{"start":{"line":6,"column":13},"end":{"line":6,"column":29}},"6":{"start":{"line":6,"column":13},"end":{"line":16,"column":null}}},"fnMap":{"0":{"name":"(anonymous_13)","decl":{"start":{"line":7,"column":4},"end":{"line":7,"column":null}},"loc":{"start":{"line":9,"column":72},"end":{"line":10,"column":9}}},"1":{"name":"(anonymous_14)","decl":{"start":{"line":12,"column":4},"end":{"line":12,"column":9}},"loc":{"start":{"line":12,"column":35},"end":{"line":15,"column":5}}}},"branchMap":{"0":{"loc":{"start":{"line":9,"column":31},"end":{"line":9,"column":null}},"type":"cond-expr","locations":[{"start":{"line":9,"column":72},"end":{"line":9,"column":null}},{"start":{"line":9,"column":72},"end":{"line":9,"column":null}}]},"1":{"loc":{"start":{"line":9,"column":31},"end":{"line":9,"column":72}},"type":"binary-expr","locations":[{"start":{"line":9,"column":31},"end":{"line":9,"column":56}},{"start":{"line":9,"column":31},"end":{"line":9,"column":72}}]}},"s":{"0":2,"1":2,"2":2,"3":2,"4":2,"5":2,"6":2},"f":{"0":2,"1":2},"b":{"0":[0,2],"1":[2,2]}}
,"/Users/napraga/dev/pruebas/clinicsay/backend/src/patients/alerts/application/use-cases/update-alert.use-case.ts": {"path":"/Users/napraga/dev/pruebas/clinicsay/backend/src/patients/alerts/application/use-cases/update-alert.use-case.ts","statementMap":{"0":{"start":{"line":1,"column":0},"end":{"line":1,"column":52}},"1":{"start":{"line":2,"column":0},"end":{"line":2,"column":84}},"2":{"start":{"line":3,"column":0},"end":{"line":3,"column":65}},"3":{"start":{"line":5,"column":0},"end":{"line":5,"column":79}},"4":{"start":{"line":6,"column":0},"end":{"line":6,"column":80}},"5":{"start":{"line":16,"column":7},"end":{"line":56,"column":null}},"6":{"start":{"line":19,"column":25},"end":{"line":19,"column":31}},"7":{"start":{"line":23,"column":22},"end":{"line":23,"column":63}},"8":{"start":{"line":25,"column":8},"end":{"line":27,"column":9}},"9":{"start":{"line":26,"column":12},"end":{"line":26,"column":58}},"10":{"start":{"line":30,"column":8},"end":{"line":40,"column":9}},"11":{"start":{"line":31,"column":30},"end":{"line":34,"column":null}},"12":{"start":{"line":37,"column":12},"end":{"line":39,"column":13}},"13":{"start":{"line":38,"column":16},"end":{"line":38,"column":63}},"14":{"start":{"line":43,"column":24},"end":{"line":51,"column":null}},"15":{"start":{"line":54,"column":8},"end":{"line":54,"column":41}},"16":{"start":{"line":16,"column":13},"end":{"line":16,"column":31}},"17":{"start":{"line":16,"column":13},"end":{"line":56,"column":null}}},"fnMap":{"0":{"name":"(anonymous_13)","decl":{"start":{"line":17,"column":4},"end":{"line":17,"column":null}},"loc":{"start":{"line":19,"column":72},"end":{"line":20,"column":9}}},"1":{"name":"(anonymous_14)","decl":{"start":{"line":22,"column":4},"end":{"line":22,"column":9}},"loc":{"start":{"line":22,"column":45},"end":{"line":55,"column":5}}}},"branchMap":{"0":{"loc":{"start":{"line":25,"column":8},"end":{"line":27,"column":9}},"type":"if","locations":[{"start":{"line":25,"column":8},"end":{"line":27,"column":9}},{"start":{},"end":{}}]},"1":{"loc":{"start":{"line":30,"column":8},"end":{"line":40,"column":9}},"type":"if","locations":[{"start":{"line":30,"column":8},"end":{"line":40,"column":9}},{"start":{},"end":{}}]},"2":{"loc":{"start":{"line":30,"column":12},"end":{"line":30,"column":56}},"type":"binary-expr","locations":[{"start":{"line":30,"column":12},"end":{"line":30,"column":37}},{"start":{"line":30,"column":41},"end":{"line":30,"column":56}}]},"3":{"loc":{"start":{"line":34,"column":16},"end":{"line":34,"column":48}},"type":"binary-expr","locations":[{"start":{"line":34,"column":16},"end":{"line":34,"column":31}},{"start":{"line":34,"column":35},"end":{"line":34,"column":48}}]},"4":{"loc":{"start":{"line":37,"column":12},"end":{"line":39,"column":13}},"type":"if","locations":[{"start":{"line":37,"column":12},"end":{"line":39,"column":13}},{"start":{},"end":{}}]},"5":{"loc":{"start":{"line":37,"column":16},"end":{"line":37,"column":54}},"type":"binary-expr","locations":[{"start":{"line":37,"column":16},"end":{"line":37,"column":25}},{"start":{"line":37,"column":29},"end":{"line":37,"column":54}}]},"6":{"loc":{"start":{"line":47,"column":12},"end":{"line":47,"column":46}},"type":"binary-expr","locations":[{"start":{"line":47,"column":12},"end":{"line":47,"column":28}},{"start":{"line":47,"column":32},"end":{"line":47,"column":46}}]},"7":{"loc":{"start":{"line":48,"column":12},"end":{"line":48,"column":44}},"type":"binary-expr","locations":[{"start":{"line":48,"column":12},"end":{"line":48,"column":27}},{"start":{"line":48,"column":31},"end":{"line":48,"column":44}}]},"8":{"loc":{"start":{"line":49,"column":12},"end":{"line":49,"column":46}},"type":"binary-expr","locations":[{"start":{"line":49,"column":12},"end":{"line":49,"column":28}},{"start":{"line":49,"column":32},"end":{"line":49,"column":46}}]},"9":{"loc":{"start":{"line":19,"column":31},"end":{"line":19,"column":null}},"type":"cond-expr","locations":[{"start":{"line":19,"column":72},"end":{"line":19,"column":null}},{"start":{"line":19,"column":72},"end":{"line":19,"column":null}}]},"10":{"loc":{"start":{"line":19,"column":31},"end":{"line":19,"column":72}},"type":"binary-expr","locations":[{"start":{"line":19,"column":31},"end":{"line":19,"column":56}},{"start":{"line":19,"column":31},"end":{"line":19,"column":72}}]}},"s":{"0":1,"1":1,"2":1,"3":1,"4":1,"5":1,"6":0,"7":0,"8":0,"9":0,"10":0,"11":0,"12":0,"13":0,"14":0,"15":0,"16":1,"17":1},"f":{"0":0,"1":0},"b":{"0":[0,0],"1":[0,0],"2":[0,0],"3":[0,0],"4":[0,0],"5":[0,0],"6":[0,0],"7":[0,0],"8":[0,0],"9":[0,1],"10":[1,1]}}
,"/Users/napraga/dev/pruebas/clinicsay/backend/src/patients/alerts/domain/alert.repository.interface.ts": {"path":"/Users/napraga/dev/pruebas/clinicsay/backend/src/patients/alerts/domain/alert.repository.interface.ts","statementMap":{"0":{"start":{"line":4,"column":13},"end":{"line":4,"column":59}}},"fnMap":{},"branchMap":{},"s":{"0":3},"f":{},"b":{}}
,"/Users/napraga/dev/pruebas/clinicsay/backend/src/patients/alerts/domain/patient-alert.entity.ts": {"path":"/Users/napraga/dev/pruebas/clinicsay/backend/src/patients/alerts/domain/patient-alert.entity.ts","statementMap":{"0":{"start":{"line":1,"column":0},"end":{"line":1,"column":36}},"1":{"start":{"line":3,"column":0},"end":{"line":3,"column":55}},"2":{"start":{"line":14,"column":24},"end":{"line":14,"column":34}},"3":{"start":{"line":15,"column":24},"end":{"line":15,"column":41}},"4":{"start":{"line":16,"column":24},"end":{"line":16,"column":39}},"5":{"start":{"line":17,"column":24},"end":{"line":17,"column":42}},"6":{"start":{"line":18,"column":24},"end":{"line":18,"column":39}},"7":{"start":{"line":19,"column":15},"end":{"line":19,"column":32}},"8":{"start":{"line":20,"column":24},"end":{"line":20,"column":39}},"9":{"start":{"line":21,"column":24},"end":{"line":21,"column":39}},"10":{"start":{"line":27,"column":20},"end":{"line":27,"column":30}},"11":{"start":{"line":29,"column":8},"end":{"line":38,"column":10}},"12":{"start":{"line":44,"column":8},"end":{"line":44,"column":29}},"13":{"start":{"line":48,"column":8},"end":{"line":48,"column":30}},"14":{"start":{"line":52,"column":8},"end":{"line":52,"column":39}},"15":{"start":{"line":61,"column":8},"end":{"line":65,"column":10}},"16":{"start":{"line":69,"column":8},"end":{"line":69,"column":47}},"17":{"start":{"line":12,"column":0},"end":{"line":12,"column":13}}},"fnMap":{"0":{"name":"(anonymous_0)","decl":{"start":{"line":13,"column":4},"end":{"line":13,"column":null}},"loc":{"start":{"line":21,"column":39},"end":{"line":22,"column":9}}},"1":{"name":"(anonymous_1)","decl":{"start":{"line":26,"column":4},"end":{"line":26,"column":10}},"loc":{"start":{"line":26,"column":41},"end":{"line":39,"column":5}}},"2":{"name":"(anonymous_2)","decl":{"start":{"line":43,"column":4},"end":{"line":43,"column":12}},"loc":{"start":{"line":43,"column":12},"end":{"line":45,"column":5}}},"3":{"name":"(anonymous_3)","decl":{"start":{"line":47,"column":4},"end":{"line":47,"column":14}},"loc":{"start":{"line":47,"column":14},"end":{"line":49,"column":5}}},"4":{"name":"(anonymous_4)","decl":{"start":{"line":51,"column":4},"end":{"line":51,"column":10}},"loc":{"start":{"line":51,"column":10},"end":{"line":53,"column":5}}},"5":{"name":"(anonymous_5)","decl":{"start":{"line":60,"column":4},"end":{"line":60,"column":17}},"loc":{"start":{"line":60,"column":37},"end":{"line":66,"column":5}}},"6":{"name":"(anonymous_6)","decl":{"start":{"line":68,"column":4},"end":{"line":68,"column":18}},"loc":{"start":{"line":68,"column":18},"end":{"line":70,"column":5}}}},"branchMap":{"0":{"loc":{"start":{"line":62,"column":12},"end":{"line":64,"column":84}},"type":"binary-expr","locations":[{"start":{"line":62,"column":12},"end":{"line":62,"column":46}},{"start":{"line":63,"column":12},"end":{"line":63,"column":36}},{"start":{"line":64,"column":12},"end":{"line":64,"column":84}}]}},"s":{"0":4,"1":4,"2":20,"3":20,"4":20,"5":20,"6":20,"7":20,"8":20,"9":20,"10":15,"11":15,"12":1,"13":2,"14":0,"15":4,"16":1,"17":4},"f":{"0":20,"1":15,"2":1,"3":2,"4":0,"5":4,"6":1},"b":{"0":[4,4,3]}}
,"/Users/napraga/dev/pruebas/clinicsay/backend/src/patients/alerts/domain/errors/alert-duplicate.error.ts": {"path":"/Users/napraga/dev/pruebas/clinicsay/backend/src/patients/alerts/domain/errors/alert-duplicate.error.ts","statementMap":{"0":{"start":{"line":3,"column":8},"end":{"line":5,"column":10}},"1":{"start":{"line":6,"column":8},"end":{"line":6,"column":42}},"2":{"start":{"line":1,"column":0},"end":{"line":1,"column":13}}},"fnMap":{"0":{"name":"(anonymous_0)","decl":{"start":{"line":2,"column":4},"end":{"line":2,"column":16}},"loc":{"start":{"line":2,"column":33},"end":{"line":7,"column":5}}}},"branchMap":{},"s":{"0":2,"1":2,"2":2},"f":{"0":2},"b":{}}
,"/Users/napraga/dev/pruebas/clinicsay/backend/src/patients/alerts/domain/errors/alert-not-found.error.ts": {"path":"/Users/napraga/dev/pruebas/clinicsay/backend/src/patients/alerts/domain/errors/alert-not-found.error.ts","statementMap":{"0":{"start":{"line":3,"column":8},"end":{"line":3,"column":60}},"1":{"start":{"line":4,"column":8},"end":{"line":4,"column":41}},"2":{"start":{"line":1,"column":0},"end":{"line":1,"column":13}}},"fnMap":{"0":{"name":"(anonymous_0)","decl":{"start":{"line":2,"column":4},"end":{"line":2,"column":16}},"loc":{"start":{"line":2,"column":31},"end":{"line":5,"column":5}}}},"branchMap":{},"s":{"0":0,"1":0,"2":1},"f":{"0":0},"b":{}}
,"/Users/napraga/dev/pruebas/clinicsay/backend/src/patients/alerts/domain/value-objects/alert-status.vo.ts": {"path":"/Users/napraga/dev/pruebas/clinicsay/backend/src/patients/alerts/domain/value-objects/alert-status.vo.ts","statementMap":{"0":{"start":{"line":1,"column":0},"end":{"line":1,"column":null}},"1":{"start":{"line":2,"column":4},"end":{"line":2,"column":null}},"2":{"start":{"line":3,"column":4},"end":{"line":3,"column":null}}},"fnMap":{"0":{"name":"(anonymous_0)","decl":{"start":{"line":1,"column":0},"end":{"line":1,"column":12}},"loc":{"start":{"line":1,"column":23},"end":{"line":4,"column":1}}}},"branchMap":{"0":{"loc":{"start":{"line":1,"column":12},"end":{"line":1,"column":null}},"type":"binary-expr","locations":[{"start":{"line":1,"column":12},"end":{"line":1,"column":23}},{"start":{"line":1,"column":23},"end":{"line":1,"column":null}}]}},"s":{"0":0,"1":0,"2":0},"f":{"0":0},"b":{"0":[0,0]}}
,"/Users/napraga/dev/pruebas/clinicsay/backend/src/patients/alerts/domain/value-objects/alert-type.vo.ts": {"path":"/Users/napraga/dev/pruebas/clinicsay/backend/src/patients/alerts/domain/value-objects/alert-type.vo.ts","statementMap":{"0":{"start":{"line":1,"column":0},"end":{"line":1,"column":null}},"1":{"start":{"line":2,"column":4},"end":{"line":2,"column":null}},"2":{"start":{"line":3,"column":4},"end":{"line":3,"column":null}},"3":{"start":{"line":4,"column":4},"end":{"line":4,"column":null}},"4":{"start":{"line":5,"column":4},"end":{"line":5,"column":null}}},"fnMap":{"0":{"name":"(anonymous_0)","decl":{"start":{"line":1,"column":0},"end":{"line":1,"column":12}},"loc":{"start":{"line":1,"column":21},"end":{"line":6,"column":1}}}},"branchMap":{"0":{"loc":{"start":{"line":1,"column":12},"end":{"line":1,"column":null}},"type":"binary-expr","locations":[{"start":{"line":1,"column":12},"end":{"line":1,"column":21}},{"start":{"line":1,"column":21},"end":{"line":1,"column":null}}]}},"s":{"0":4,"1":4,"2":4,"3":4,"4":4},"f":{"0":4},"b":{"0":[4,4]}}
,"/Users/napraga/dev/pruebas/clinicsay/backend/src/patients/alerts/domain/value-objects/severity.vo.ts": {"path":"/Users/napraga/dev/pruebas/clinicsay/backend/src/patients/alerts/domain/value-objects/severity.vo.ts","statementMap":{"0":{"start":{"line":1,"column":0},"end":{"line":1,"column":null}},"1":{"start":{"line":2,"column":4},"end":{"line":2,"column":null}},"2":{"start":{"line":3,"column":4},"end":{"line":3,"column":null}},"3":{"start":{"line":4,"column":4},"end":{"line":4,"column":null}}},"fnMap":{"0":{"name":"(anonymous_0)","decl":{"start":{"line":1,"column":0},"end":{"line":1,"column":12}},"loc":{"start":{"line":1,"column":20},"end":{"line":5,"column":1}}}},"branchMap":{"0":{"loc":{"start":{"line":1,"column":12},"end":{"line":1,"column":null}},"type":"binary-expr","locations":[{"start":{"line":1,"column":12},"end":{"line":1,"column":20}},{"start":{"line":1,"column":20},"end":{"line":1,"column":null}}]}},"s":{"0":4,"1":4,"2":4,"3":4},"f":{"0":4},"b":{"0":[4,4]}}
,"/Users/napraga/dev/pruebas/clinicsay/backend/src/patients/alerts/infrastructure/alert.mapper.ts": {"path":"/Users/napraga/dev/pruebas/clinicsay/backend/src/patients/alerts/infrastructure/alert.mapper.ts","statementMap":{"0":{"start":{"line":2,"column":0},"end":{"line":2,"column":62}},"1":{"start":{"line":8,"column":8},"end":{"line":17,"column":10}},"2":{"start":{"line":23,"column":8},"end":{"line":30,"column":10}},"3":{"start":{"line":6,"column":0},"end":{"line":6,"column":13}}},"fnMap":{"0":{"name":"(anonymous_0)","decl":{"start":{"line":7,"column":4},"end":{"line":7,"column":10}},"loc":{"start":{"line":7,"column":39},"end":{"line":18,"column":5}}},"1":{"name":"(anonymous_1)","decl":{"start":{"line":20,"column":4},"end":{"line":20,"column":10}},"loc":{"start":{"line":21,"column":27},"end":{"line":31,"column":5}}}},"branchMap":{},"s":{"0":0,"1":0,"2":0,"3":0},"f":{"0":0,"1":0},"b":{}}
,"/Users/napraga/dev/pruebas/clinicsay/backend/src/patients/alerts/infrastructure/prisma-alert.repository.ts": {"path":"/Users/napraga/dev/pruebas/clinicsay/backend/src/patients/alerts/infrastructure/prisma-alert.repository.ts","statementMap":{"0":{"start":{"line":1,"column":0},"end":{"line":1,"column":44}},"1":{"start":{"line":2,"column":0},"end":{"line":2,"column":63}},"2":{"start":{"line":5,"column":0},"end":{"line":5,"column":45}},"3":{"start":{"line":8,"column":7},"end":{"line":70,"column":null}},"4":{"start":{"line":9,"column":33},"end":{"line":9,"column":41}},"5":{"start":{"line":12,"column":24},"end":{"line":18,"column":10}},"6":{"start":{"line":20,"column":8},"end":{"line":20,"column":49}},"7":{"start":{"line":24,"column":23},"end":{"line":26,"column":10}},"8":{"start":{"line":28,"column":8},"end":{"line":28,"column":60}},"9":{"start":{"line":36,"column":23},"end":{"line":43,"column":10}},"10":{"start":{"line":45,"column":8},"end":{"line":45,"column":60}},"11":{"start":{"line":49,"column":21},"end":{"line":49,"column":48}},"12":{"start":{"line":51,"column":23},"end":{"line":51,"column":70}},"13":{"start":{"line":53,"column":8},"end":{"line":53,"column":44}},"14":{"start":{"line":57,"column":21},"end":{"line":57,"column":48}},"15":{"start":{"line":59,"column":23},"end":{"line":62,"column":10}},"16":{"start":{"line":64,"column":8},"end":{"line":64,"column":44}},"17":{"start":{"line":68,"column":8},"end":{"line":68,"column":65}},"18":{"start":{"line":8,"column":13},"end":{"line":8,"column":34}},"19":{"start":{"line":8,"column":13},"end":{"line":70,"column":null}}},"fnMap":{"0":{"name":"(anonymous_2)","decl":{"start":{"line":9,"column":4},"end":{"line":9,"column":33}},"loc":{"start":{"line":9,"column":54},"end":{"line":9,"column":59}}},"1":{"name":"(anonymous_3)","decl":{"start":{"line":11,"column":4},"end":{"line":11,"column":9}},"loc":{"start":{"line":11,"column":41},"end":{"line":21,"column":5}}},"2":{"name":"(anonymous_4)","decl":{"start":{"line":23,"column":4},"end":{"line":23,"column":9}},"loc":{"start":{"line":23,"column":29},"end":{"line":29,"column":5}}},"3":{"name":"(anonymous_5)","decl":{"start":{"line":31,"column":4},"end":{"line":31,"column":9}},"loc":{"start":{"line":34,"column":23},"end":{"line":46,"column":5}}},"4":{"name":"(anonymous_6)","decl":{"start":{"line":48,"column":4},"end":{"line":48,"column":9}},"loc":{"start":{"line":48,"column":34},"end":{"line":54,"column":5}}},"5":{"name":"(anonymous_7)","decl":{"start":{"line":56,"column":4},"end":{"line":56,"column":9}},"loc":{"start":{"line":56,"column":36},"end":{"line":65,"column":5}}},"6":{"name":"(anonymous_8)","decl":{"start":{"line":67,"column":4},"end":{"line":67,"column":9}},"loc":{"start":{"line":67,"column":27},"end":{"line":69,"column":5}}}},"branchMap":{"0":{"loc":{"start":{"line":28,"column":15},"end":{"line":28,"column":59}},"type":"cond-expr","locations":[{"start":{"line":28,"column":24},"end":{"line":28,"column":52}},{"start":{"line":28,"column":55},"end":{"line":28,"column":59}}]},"1":{"loc":{"start":{"line":45,"column":15},"end":{"line":45,"column":59}},"type":"cond-expr","locations":[{"start":{"line":45,"column":24},"end":{"line":45,"column":52}},{"start":{"line":45,"column":55},"end":{"line":45,"column":59}}]},"2":{"loc":{"start":{"line":9,"column":41},"end":{"line":9,"column":58}},"type":"cond-expr","locations":[{"start":{"line":9,"column":54},"end":{"line":9,"column":58}},{"start":{"line":9,"column":54},"end":{"line":9,"column":58}}]},"3":{"loc":{"start":{"line":9,"column":41},"end":{"line":9,"column":54}},"type":"binary-expr","locations":[{"start":{"line":9,"column":41},"end":{"line":9,"column":58}},{"start":{"line":9,"column":41},"end":{"line":9,"column":54}}]}},"s":{"0":0,"1":0,"2":0,"3":0,"4":0,"5":0,"6":0,"7":0,"8":0,"9":0,"10":0,"11":0,"12":0,"13":0,"14":0,"15":0,"16":0,"17":0,"18":0,"19":0},"f":{"0":0,"1":0,"2":0,"3":0,"4":0,"5":0,"6":0},"b":{"0":[0,0],"1":[0,0],"2":[0,0],"3":[0,0]}}
,"/Users/napraga/dev/pruebas/clinicsay/backend/src/prisma/prisma.module.ts": {"path":"/Users/napraga/dev/pruebas/clinicsay/backend/src/prisma/prisma.module.ts","statementMap":{"0":{"start":{"line":1,"column":0},"end":{"line":1,"column":48}},"1":{"start":{"line":2,"column":0},"end":{"line":2,"column":49}},"2":{"start":{"line":9,"column":7},"end":{"line":9,"column":null}},"3":{"start":{"line":9,"column":13},"end":{"line":9,"column":25}},"4":{"start":{"line":9,"column":13},"end":{"line":9,"column":null}}},"fnMap":{},"branchMap":{},"s":{"0":0,"1":0,"2":0,"3":0,"4":0},"f":{},"b":{}}
,"/Users/napraga/dev/pruebas/clinicsay/backend/src/prisma/prisma.service.ts": {"path":"/Users/napraga/dev/pruebas/clinicsay/backend/src/prisma/prisma.service.ts","statementMap":{"0":{"start":{"line":1,"column":0},"end":{"line":1,"column":83}},"1":{"start":{"line":2,"column":0},"end":{"line":2,"column":46}},"2":{"start":{"line":5,"column":26},"end":{"line":54,"column":null}},"3":{"start":{"line":8,"column":30},"end":{"line":8,"column":60}},"4":{"start":{"line":11,"column":8},"end":{"line":17,"column":11}},"5":{"start":{"line":21,"column":8},"end":{"line":21,"column":30}},"6":{"start":{"line":22,"column":8},"end":{"line":22,"column":63}},"7":{"start":{"line":25,"column":8},"end":{"line":31,"column":9}},"8":{"start":{"line":28,"column":12},"end":{"line":30,"column":15}},"9":{"start":{"line":29,"column":16},"end":{"line":29,"column":73}},"10":{"start":{"line":35,"column":8},"end":{"line":35,"column":33}},"11":{"start":{"line":36,"column":8},"end":{"line":36,"column":47}},"12":{"start":{"line":44,"column":8},"end":{"line":46,"column":9}},"13":{"start":{"line":45,"column":12},"end":{"line":45,"column":79}},"14":{"start":{"line":48,"column":27},"end":{"line":48,"column":43}},"15":{"start":{"line":50,"column":8},"end":{"line":52,"column":9}},"16":{"start":{"line":51,"column":12},"end":{"line":51,"column":68}},"17":{"start":{"line":5,"column":13},"end":{"line":5,"column":26}},"18":{"start":{"line":5,"column":13},"end":{"line":54,"column":null}}},"fnMap":{"0":{"name":"(anonymous_2)","decl":{"start":{"line":10,"column":4},"end":{"line":10,"column":null}},"loc":{"start":{"line":10,"column":4},"end":{"line":18,"column":5}}},"1":{"name":"(anonymous_3)","decl":{"start":{"line":20,"column":4},"end":{"line":20,"column":9}},"loc":{"start":{"line":20,"column":22},"end":{"line":32,"column":5}}},"2":{"name":"(anonymous_4)","decl":{"start":{"line":28,"column":30},"end":{"line":28,"column":31}},"loc":{"start":{"line":28,"column":73},"end":{"line":30,"column":13}}},"3":{"name":"(anonymous_5)","decl":{"start":{"line":34,"column":4},"end":{"line":34,"column":9}},"loc":{"start":{"line":34,"column":25},"end":{"line":37,"column":5}}},"4":{"name":"(anonymous_6)","decl":{"start":{"line":43,"column":4},"end":{"line":43,"column":9}},"loc":{"start":{"line":43,"column":23},"end":{"line":53,"column":5}}}},"branchMap":{"0":{"loc":{"start":{"line":25,"column":8},"end":{"line":31,"column":9}},"type":"if","locations":[{"start":{"line":25,"column":8},"end":{"line":31,"column":9}},{"start":{},"end":{}}]},"1":{"loc":{"start":{"line":44,"column":8},"end":{"line":46,"column":9}},"type":"if","locations":[{"start":{"line":44,"column":8},"end":{"line":46,"column":9}},{"start":{},"end":{}}]}},"s":{"0":0,"1":0,"2":0,"3":0,"4":0,"5":0,"6":0,"7":0,"8":0,"9":0,"10":0,"11":0,"12":0,"13":0,"14":0,"15":0,"16":0,"17":0,"18":0},"f":{"0":0,"1":0,"2":0,"3":0,"4":0},"b":{"0":[0,0],"1":[0,0]}}
}
